C:\USERS\ADMINISTRATOR.USER-20150821OB\DESKTOP\哈希表设计\DEBUG\哈希表设计.EXE
C:\USERS\ADMINISTRATOR.USER-20150821OB\DESKTOP\哈希表设计\DEBUG\哈希表设计.ILK
C:\USERS\ADMINISTRATOR.USER-20150821OB\DESKTOP\哈希表设计\DEBUG\哈希表设计.PDB
C:\Users\Administrator.USER-20150821OB\Desktop\哈希表设计\哈希表设计\Debug\cl.command.1.tlog
C:\Users\Administrator.USER-20150821OB\Desktop\哈希表设计\哈希表设计\Debug\CL.read.1.tlog
C:\Users\Administrator.USER-20150821OB\Desktop\哈希表设计\哈希表设计\Debug\CL.write.1.tlog
C:\Users\Administrator.USER-20150821OB\Desktop\哈希表设计\哈希表设计\Debug\link.1748.read.1.tlog
C:\Users\Administrator.USER-20150821OB\Desktop\哈希表设计\哈希表设计\Debug\link.1748.write.1.tlog
C:\Users\Administrator.USER-20150821OB\Desktop\哈希表设计\哈希表设计\Debug\link.1748-cvtres.read.1.tlog
C:\Users\Administrator.USER-20150821OB\Desktop\哈希表设计\哈希表设计\Debug\link.1748-cvtres.write.1.tlog
C:\Users\Administrator.USER-20150821OB\Desktop\哈希表设计\哈希表设计\Debug\link.command.1.tlog
C:\Users\Administrator.USER-20150821OB\Desktop\哈希表设计\哈希表设计\Debug\link.read.1.tlog
C:\Users\Administrator.USER-20150821OB\Desktop\哈希表设计\哈希表设计\Debug\link.write.1.tlog
C:\Users\Administrator.USER-20150821OB\Desktop\哈希表设计\哈希表设计\Debug\link-cvtres.read.1.tlog
C:\Users\Administrator.USER-20150821OB\Desktop\哈希表设计\哈希表设计\Debug\link-cvtres.write.1.tlog
C:\USERS\ADMINISTRATOR.USER-20150821OB\DESKTOP\哈希表设计\哈希表设计\DEBUG\MAIN.OBJ
C:\Users\Administrator.USER-20150821OB\Desktop\哈希表设计\哈希表设计\Debug\mt.command.1.tlog
C:\Users\Administrator.USER-20150821OB\Desktop\哈希表设计\哈希表设计\Debug\mt.read.1.tlog
C:\Users\Administrator.USER-20150821OB\Desktop\哈希表设计\哈希表设计\Debug\mt.write.1.tlog
C:\Users\Administrator.USER-20150821OB\Desktop\哈希表设计\哈希表设计\Debug\rc.command.1.tlog
C:\Users\Administrator.USER-20150821OB\Desktop\哈希表设计\哈希表设计\Debug\rc.read.1.tlog
C:\Users\Administrator.USER-20150821OB\Desktop\哈希表设计\哈希表设计\Debug\rc.write.1.tlog
C:\Users\Administrator.USER-20150821OB\Desktop\哈希表设计\哈希表设计\Debug\vc100.idb
C:\USERS\ADMINISTRATOR.USER-20150821OB\DESKTOP\哈希表设计\哈希表设计\DEBUG\VC100.PDB
C:\USERS\ADMINISTRATOR.USER-20150821OB\DESKTOP\哈希表设计\哈希表设计\DEBUG\哈希表设计.EXE.EMBED.MANIFEST
C:\USERS\ADMINISTRATOR.USER-20150821OB\DESKTOP\哈希表设计\哈希表设计\DEBUG\哈希表设计.EXE.EMBED.MANIFEST.RES
C:\USERS\ADMINISTRATOR.USER-20150821OB\DESKTOP\哈希表设计\哈希表设计\DEBUG\哈希表设计.EXE.INTERMEDIATE.MANIFEST
C:\Users\Administrator.USER-20150821OB\Desktop\哈希表设计\哈希表设计\Debug\哈希表设计_manifest.rc
