C:\USERS\ADMINISTRATOR\DESKTOP\实验四\DEBUG\实验四.EXE
C:\USERS\ADMINISTRATOR\DESKTOP\实验四\DEBUG\实验四.ILK
C:\USERS\ADMINISTRATOR\DESKTOP\实验四\DEBUG\实验四.PDB
C:\Users\Administrator\Desktop\实验四\实验四\Debug\cl.command.1.tlog
C:\Users\Administrator\Desktop\实验四\实验四\Debug\CL.read.1.tlog
C:\Users\Administrator\Desktop\实验四\实验四\Debug\CL.write.1.tlog
C:\Users\Administrator\Desktop\实验四\实验四\Debug\link.command.1.tlog
C:\Users\Administrator\Desktop\实验四\实验四\Debug\link.read.1.tlog
C:\Users\Administrator\Desktop\实验四\实验四\Debug\link.write.1.tlog
C:\Users\Administrator\Desktop\实验四\实验四\Debug\link-cvtres.read.1.tlog
C:\Users\Administrator\Desktop\实验四\实验四\Debug\link-cvtres.write.1.tlog
C:\USERS\ADMINISTRATOR\DESKTOP\实验四\实验四\DEBUG\MAIN.OBJ
C:\Users\Administrator\Desktop\实验四\实验四\Debug\mt.command.1.tlog
C:\Users\Administrator\Desktop\实验四\实验四\Debug\mt.read.1.tlog
C:\Users\Administrator\Desktop\实验四\实验四\Debug\mt.write.1.tlog
C:\Users\Administrator\Desktop\实验四\实验四\Debug\rc.command.1.tlog
C:\Users\Administrator\Desktop\实验四\实验四\Debug\rc.read.1.tlog
C:\Users\Administrator\Desktop\实验四\实验四\Debug\rc.write.1.tlog
C:\Users\Administrator\Desktop\实验四\实验四\Debug\vc100.idb
C:\USERS\ADMINISTRATOR\DESKTOP\实验四\实验四\DEBUG\VC100.PDB
C:\USERS\ADMINISTRATOR\DESKTOP\实验四\实验四\DEBUG\实验四.EXE.EMBED.MANIFEST
C:\USERS\ADMINISTRATOR\DESKTOP\实验四\实验四\DEBUG\实验四.EXE.EMBED.MANIFEST.RES
C:\USERS\ADMINISTRATOR\DESKTOP\实验四\实验四\DEBUG\实验四.EXE.INTERMEDIATE.MANIFEST
C:\Users\Administrator\Desktop\实验四\实验四\Debug\实验四_manifest.rc
